[0.032s] Invoking command in '/home/jagan/ip_ws/build/mycobot_description': CMAKE_PREFIX_PATH=${CMAKE_PREFIX_PATH}:/opt/ros/humble /usr/bin/cmake /home/jagan/ip_ws/src/mycobot_ros2/mycobot_description -DCMAKE_INSTALL_PREFIX=/home/jagan/ip_ws/install/mycobot_description
[0.144s] -- The C compiler identification is GNU 11.4.0
[0.255s] -- The CXX compiler identification is GNU 11.4.0
[0.270s] -- Detecting C compiler ABI info
[0.405s] -- Detecting C compiler ABI info - done
[0.419s] -- Check for working C compiler: /usr/bin/cc - skipped
[0.419s] -- Detecting C compile features
[0.420s] -- Detecting C compile features - done
[0.426s] -- Detecting CXX compiler ABI info
[0.578s] -- Detecting CXX compiler ABI info - done
[0.597s] -- Check for working CXX compiler: /usr/bin/c++ - skipped
[0.598s] -- Detecting CXX compile features
[0.599s] -- Detecting CXX compile features - done
[0.609s] -- Found ament_cmake: 1.3.9 (/opt/ros/humble/share/ament_cmake/cmake)
[0.908s] -- Found Python3: /usr/bin/python3 (found version "3.10.12") found components: Interpreter 
[1.106s] -- Found ament_lint_auto: 0.12.11 (/opt/ros/humble/share/ament_lint_auto/cmake)
[1.267s] -- Added test 'flake8' to check Python code syntax and style conventions
[1.269s] -- Added test 'lint_cmake' to check CMake code style
[1.271s] -- Added test 'pep257' to check Python code against some of the docstring style conventions in PEP 257
[1.275s] -- Added test 'xmllint' to check XML markup files
[1.278s] -- Configuring done
[1.284s] -- Generating done
[1.286s] -- Build files have been written to: /home/jagan/ip_ws/build/mycobot_description
[1.293s] Invoked command in '/home/jagan/ip_ws/build/mycobot_description' returned '0': CMAKE_PREFIX_PATH=${CMAKE_PREFIX_PATH}:/opt/ros/humble /usr/bin/cmake /home/jagan/ip_ws/src/mycobot_ros2/mycobot_description -DCMAKE_INSTALL_PREFIX=/home/jagan/ip_ws/install/mycobot_description
[1.297s] Invoking command in '/home/jagan/ip_ws/build/mycobot_description': CMAKE_PREFIX_PATH=${CMAKE_PREFIX_PATH}:/opt/ros/humble /usr/bin/cmake --build /home/jagan/ip_ws/build/mycobot_description -- -j4 -l4
[1.370s] Invoked command in '/home/jagan/ip_ws/build/mycobot_description' returned '0': CMAKE_PREFIX_PATH=${CMAKE_PREFIX_PATH}:/opt/ros/humble /usr/bin/cmake --build /home/jagan/ip_ws/build/mycobot_description -- -j4 -l4
[1.432s] Invoking command in '/home/jagan/ip_ws/build/mycobot_description': CMAKE_PREFIX_PATH=${CMAKE_PREFIX_PATH}:/opt/ros/humble /usr/bin/cmake --install /home/jagan/ip_ws/build/mycobot_description
[1.446s] -- Install configuration: ""
[1.446s] -- Installing: /home/jagan/ip_ws/install/mycobot_description/share/mycobot_description/meshes
[1.446s] -- Installing: /home/jagan/ip_ws/install/mycobot_description/share/mycobot_description/meshes/stl
[1.447s] -- Installing: /home/jagan/ip_ws/install/mycobot_description/share/mycobot_description/meshes/stl/Waist.001.stl
[1.447s] -- Installing: /home/jagan/ip_ws/install/mycobot_description/share/mycobot_description/meshes/stl/Gripper.stl
[1.448s] -- Installing: /home/jagan/ip_ws/install/mycobot_description/share/mycobot_description/meshes/stl/Waist.stl
[1.449s] -- Installing: /home/jagan/ip_ws/install/mycobot_description/share/mycobot_description/meshes/stl/Arm_02.stl
[1.449s] -- Installing: /home/jagan/ip_ws/install/mycobot_description/share/mycobot_description/meshes/stl/Base.stl
[1.450s] -- Installing: /home/jagan/ip_ws/install/mycobot_description/share/mycobot_description/meshes/stl/Gripper.001.stl
[1.451s] -- Installing: /home/jagan/ip_ws/install/mycobot_description/share/mycobot_description/meshes/stl/Arm_01.stl
[1.452s] -- Installing: /home/jagan/ip_ws/install/mycobot_description/share/mycobot_description/meshes/stl/Cube.002.stl
[1.452s] -- Installing: /home/jagan/ip_ws/install/mycobot_description/share/mycobot_description/urdf
[1.453s] -- Installing: /home/jagan/ip_ws/install/mycobot_description/share/mycobot_description/urdf/arduino_arm_gazebo.xacro
[1.453s] -- Installing: /home/jagan/ip_ws/install/mycobot_description/share/mycobot_description/urdf/mobile_base_gazebo.xacro
[1.453s] -- Installing: /home/jagan/ip_ws/install/mycobot_description/share/mycobot_description/urdf/robot_arm.urdf.xacro
[1.454s] -- Installing: /home/jagan/ip_ws/install/mycobot_description/share/mycobot_description/urdf/common_properties.xacro
[1.454s] -- Installing: /home/jagan/ip_ws/install/mycobot_description/share/mycobot_description/urdf/arduino_robot_arm.urdf.xacro
[1.455s] -- Installing: /home/jagan/ip_ws/install/mycobot_description/share/mycobot_description/launch
[1.455s] -- Installing: /home/jagan/ip_ws/install/mycobot_description/share/mycobot_description/launch/pygazebo.launch.py
[1.455s] -- Installing: /home/jagan/ip_ws/install/mycobot_description/share/mycobot_description/launch/gazebo.launch.xml
[1.455s] -- Installing: /home/jagan/ip_ws/install/mycobot_description/share/mycobot_description/launch/display.launch.xml
[1.456s] -- Installing: /home/jagan/ip_ws/install/mycobot_description/share/mycobot_description/worlds
[1.456s] -- Installing: /home/jagan/ip_ws/install/mycobot_description/share/mycobot_description/worlds/edited.world
[1.456s] -- Installing: /home/jagan/ip_ws/install/mycobot_description/share/ament_index/resource_index/package_run_dependencies/mycobot_description
[1.457s] -- Installing: /home/jagan/ip_ws/install/mycobot_description/share/ament_index/resource_index/parent_prefix_path/mycobot_description
[1.457s] -- Installing: /home/jagan/ip_ws/install/mycobot_description/share/mycobot_description/environment/ament_prefix_path.sh
[1.457s] -- Installing: /home/jagan/ip_ws/install/mycobot_description/share/mycobot_description/environment/ament_prefix_path.dsv
[1.458s] -- Installing: /home/jagan/ip_ws/install/mycobot_description/share/mycobot_description/environment/path.sh
[1.458s] -- Installing: /home/jagan/ip_ws/install/mycobot_description/share/mycobot_description/environment/path.dsv
[1.458s] -- Installing: /home/jagan/ip_ws/install/mycobot_description/share/mycobot_description/local_setup.bash
[1.459s] -- Installing: /home/jagan/ip_ws/install/mycobot_description/share/mycobot_description/local_setup.sh
[1.459s] -- Installing: /home/jagan/ip_ws/install/mycobot_description/share/mycobot_description/local_setup.zsh
[1.459s] -- Installing: /home/jagan/ip_ws/install/mycobot_description/share/mycobot_description/local_setup.dsv
[1.460s] -- Installing: /home/jagan/ip_ws/install/mycobot_description/share/mycobot_description/package.dsv
[1.460s] -- Installing: /home/jagan/ip_ws/install/mycobot_description/share/ament_index/resource_index/packages/mycobot_description
[1.460s] -- Installing: /home/jagan/ip_ws/install/mycobot_description/share/mycobot_description/cmake/mycobot_descriptionConfig.cmake
[1.460s] -- Installing: /home/jagan/ip_ws/install/mycobot_description/share/mycobot_description/cmake/mycobot_descriptionConfig-version.cmake
[1.461s] -- Installing: /home/jagan/ip_ws/install/mycobot_description/share/mycobot_description/package.xml
[1.464s] Invoked command in '/home/jagan/ip_ws/build/mycobot_description' returned '0': CMAKE_PREFIX_PATH=${CMAKE_PREFIX_PATH}:/opt/ros/humble /usr/bin/cmake --install /home/jagan/ip_ws/build/mycobot_description
